2025-10-07 20:17:53,314 --- Segment Update ---
2025-10-07 20:17:53,315 Segment start=2.048: 12345
2025-10-07 20:17:53,315 Full transcript: 12345
2025-10-07 20:17:57,219 --- Segment Update ---
2025-10-07 20:17:57,219 Segment start=2.048: 12345上山打老虎打不到打到
2025-10-07 20:17:57,219 Full transcript: 12345上山打老虎打不到打到
2025-10-07 20:18:03,311 --- Segment Update ---
2025-10-07 20:18:03,311 Segment start=2.048: 12345上山打老虎,老虎打不到,打到小松鼠
2025-10-07 20:18:03,311 Full transcript: 12345上山打老虎,老虎打不到,打到小松鼠
2025-10-07 20:18:13,193 --- Segment Update ---
2025-10-07 20:18:13,193 Segment start=2.048: 12345上山打老虎,老虎打不到,打到小松鼠
2025-10-07 20:18:13,193 Segment start=9.408: 那么这个故事就是说,五松他去打老虎
2025-10-07 20:18:13,193 Full transcript: 12345上山打老虎,老虎打不到,打到小松鼠那么这个故事就是说,五松他去打老虎
2025-10-07 20:18:33,042 --- Segment Update ---
2025-10-07 20:18:33,042 Segment start=2.048: 12345上山打老虎,老虎打不到,打到小松鼠
2025-10-07 20:18:33,042 Segment start=32.350: 那麼這個故事就是說五松它去打老虎
2025-10-07 20:18:33,042 Segment start=38.730: 五松呢是這個水虎鑽水虎鑽當中的人物
2025-10-07 20:18:33,042 Segment start=42.610: 他是這個水虎鑽水虎鑽當中108將之一
2025-10-07 20:18:33,042 Segment start=47.190: 那麼五松的外
2025-10-07 20:18:33,042 Segment start=9.408: 那么这个故事就是说,五松他去打老虎
2025-10-07 20:18:33,042 Full transcript: 12345上山打老虎,老虎打不到,打到小松鼠那麼這個故事就是說五松它去打老虎五松呢是這個水虎鑽水虎鑽當中的人物他是這個水虎鑽水虎鑽當中108將之一那麼五松的外那么这个故事就是说,五松他去打老虎
2025-10-07 20:18:37,522 --- Segment Update ---
2025-10-07 20:18:37,522 Segment start=2.048: 12345上山打老虎,老虎打不到,打到小松鼠
2025-10-07 20:18:37,522 Segment start=32.350: 那麼這個故事就是說五松它去打老虎
2025-10-07 20:18:37,522 Segment start=38.730: 五松呢是這個水虎鑽水虎鑽當中的人物
2025-10-07 20:18:37,522 Segment start=42.610: 他是這個水虎鑽水虎鑽當中108將之一
2025-10-07 20:18:37,522 Segment start=47.190: 去那个什么港啊
2025-10-07 20:18:37,522 Segment start=9.408: 那么这个故事就是说,五松他去打老虎
2025-10-07 20:18:37,522 Full transcript: 12345上山打老虎,老虎打不到,打到小松鼠那麼這個故事就是說五松它去打老虎五松呢是這個水虎鑽水虎鑽當中的人物他是這個水虎鑽水虎鑽當中108將之一去那个什么港啊那么这个故事就是说,五松他去打老虎
2025-10-07 20:18:40,747 --- Segment Update ---
2025-10-07 20:18:40,747 Segment start=2.048: 12345上山打老虎,老虎打不到,打到小松鼠
2025-10-07 20:18:40,748 Segment start=32.350: 那麼這個故事就是說五松它去打老虎
2025-10-07 20:18:40,748 Segment start=38.730: 五松呢是這個水虎鑽水虎鑽當中的人物
2025-10-07 20:18:40,748 Segment start=42.610: 他是這個水虎鑽水虎鑽當中108將之一
2025-10-07 20:18:40,748 Segment start=47.190: 去那个什么港啊老虎港
2025-10-07 20:18:40,748 Segment start=9.408: 那么这个故事就是说,五松他去打老虎
2025-10-07 20:18:40,748 Full transcript: 12345上山打老虎,老虎打不到,打到小松鼠那麼這個故事就是說五松它去打老虎五松呢是這個水虎鑽水虎鑽當中的人物他是這個水虎鑽水虎鑽當中108將之一去那个什么港啊老虎港那么这个故事就是说,五松他去打老虎
2025-10-07 20:18:45,984 --- Segment Update ---
2025-10-07 20:18:45,985 Segment start=2.048: 12345上山打老虎,老虎打不到,打到小松鼠
2025-10-07 20:18:45,985 Segment start=32.350: 那麼這個故事就是說五松它去打老虎
2025-10-07 20:18:45,985 Segment start=38.730: 五松呢是這個水虎鑽水虎鑽當中的人物
2025-10-07 20:18:45,985 Segment start=42.610: 他是這個水虎鑽水虎鑽當中108將之一
2025-10-07 20:18:45,985 Segment start=47.190: 去那个什么岗啊老虎岗
2025-10-07 20:18:45,985 Segment start=50.830: 他要过一个山头
2025-10-07 20:18:45,985 Segment start=9.408: 那么这个故事就是说,五松他去打老虎
2025-10-07 20:18:45,985 Full transcript: 12345上山打老虎,老虎打不到,打到小松鼠那麼這個故事就是說五松它去打老虎五松呢是這個水虎鑽水虎鑽當中的人物他是這個水虎鑽水虎鑽當中108將之一去那个什么岗啊老虎岗他要过一个山头那么这个故事就是说,五松他去打老虎
2025-10-07 20:18:53,635 --- Segment Update ---
2025-10-07 20:18:53,635 Segment start=2.048: 12345上山打老虎,老虎打不到,打到小松鼠
2025-10-07 20:18:53,636 Segment start=32.350: 那麼這個故事就是說五松它去打老虎
2025-10-07 20:18:53,636 Segment start=38.730: 五松呢是這個水虎鑽水虎鑽當中的人物
2025-10-07 20:18:53,636 Segment start=42.610: 他是這個水虎鑽水虎鑽當中108將之一
2025-10-07 20:18:53,636 Segment start=47.190: 去那个什么岗啊老虎岗
2025-10-07 20:18:53,636 Segment start=49.820: 他要过一个山头
2025-10-07 20:18:53,636 Segment start=50.830: 他要过一个山头
2025-10-07 20:18:53,636 Segment start=51.820: 他过一个山头
2025-10-07 20:18:53,636 Segment start=53.820: 然后天色已晚了
2025-10-07 20:18:53,636 Segment start=55.820: 他在喝酒的时候
2025-10-07 20:18:53,636 Segment start=57.820: 吃饭
2025-10-07 20:18:53,636 Segment start=9.408: 那么这个故事就是说,五松他去打老虎
2025-10-07 20:18:53,636 Full transcript: 12345上山打老虎,老虎打不到,打到小松鼠那麼這個故事就是說五松它去打老虎五松呢是這個水虎鑽水虎鑽當中的人物他是這個水虎鑽水虎鑽當中108將之一去那个什么岗啊老虎岗他要过一个山头他要过一个山头他过一个山头然后天色已晚了他在喝酒的时候吃饭那么这个故事就是说,五松他去打老虎
2025-10-07 20:19:00,253 --- Segment Update ---
2025-10-07 20:19:00,253 Segment start=2.048: 12345上山打老虎,老虎打不到,打到小松鼠
2025-10-07 20:19:00,253 Segment start=32.350: 那麼這個故事就是說五松它去打老虎
2025-10-07 20:19:00,253 Segment start=38.730: 五松呢是這個水虎鑽水虎鑽當中的人物
2025-10-07 20:19:00,253 Segment start=42.610: 他是這個水虎鑽水虎鑽當中108將之一
2025-10-07 20:19:00,253 Segment start=47.190: 去那个什么岗啊老虎岗
2025-10-07 20:19:00,253 Segment start=49.820: 他要过一个山头
2025-10-07 20:19:00,253 Segment start=50.830: 他要过一个山头
2025-10-07 20:19:00,253 Segment start=51.820: 他过一个山头
2025-10-07 20:19:00,253 Segment start=53.820: 然后天色已晚了
2025-10-07 20:19:00,253 Segment start=55.820: 他在喝酒的时候
2025-10-07 20:19:00,253 Segment start=57.820: 那时候吃饭的时候那个酒店的那个老板就告诉他说
2025-10-07 20:19:00,253 Segment start=65.320: 什么呢
2025-10-07 20:19:00,253 Segment start=9.408: 那么这个故事就是说,五松他去打老虎
2025-10-07 20:19:00,253 Full transcript: 12345上山打老虎,老虎打不到,打到小松鼠那麼這個故事就是說五松它去打老虎五松呢是這個水虎鑽水虎鑽當中的人物他是這個水虎鑽水虎鑽當中108將之一去那个什么岗啊老虎岗他要过一个山头他要过一个山头他过一个山头然后天色已晚了他在喝酒的时候那时候吃饭的时候那个酒店的那个老板就告诉他说什么呢那么这个故事就是说,五松他去打老虎
2025-10-07 20:19:08,209 --- Segment Update ---
2025-10-07 20:19:08,209 Segment start=2.048: 12345上山打老虎,老虎打不到,打到小松鼠
2025-10-07 20:19:08,209 Segment start=32.350: 那麼這個故事就是說五松它去打老虎
2025-10-07 20:19:08,209 Segment start=38.730: 五松呢是這個水虎鑽水虎鑽當中的人物
2025-10-07 20:19:08,209 Segment start=42.610: 他是這個水虎鑽水虎鑽當中108將之一
2025-10-07 20:19:08,209 Segment start=47.190: 去那个什么岗啊老虎岗
2025-10-07 20:19:08,209 Segment start=49.820: 他要过一个山头
2025-10-07 20:19:08,209 Segment start=50.830: 他要过一个山头
2025-10-07 20:19:08,209 Segment start=51.820: 他过一个山头
2025-10-07 20:19:08,209 Segment start=53.820: 然后天色已晚了
2025-10-07 20:19:08,209 Segment start=55.820: 他在喝酒的时候
2025-10-07 20:19:08,209 Segment start=57.820: 那时候吃饭的时候那个酒店的那个老板就告诉他说
2025-10-07 20:19:08,209 Segment start=65.320: 什么呢
2025-10-07 20:19:08,209 Segment start=9.408: 那么这个故事就是说,五松他去打老虎
2025-10-07 20:19:08,209 Full transcript: 12345上山打老虎,老虎打不到,打到小松鼠那麼這個故事就是說五松它去打老虎五松呢是這個水虎鑽水虎鑽當中的人物他是這個水虎鑽水虎鑽當中108將之一去那个什么岗啊老虎岗他要过一个山头他要过一个山头他过一个山头然后天色已晚了他在喝酒的时候那时候吃饭的时候那个酒店的那个老板就告诉他说什么呢那么这个故事就是说,五松他去打老虎
2025-10-07 20:19:21,068 --- Segment Update ---
2025-10-07 20:19:21,068 Segment start=2.048: 12345上山打老虎,老虎打不到,打到小松鼠
2025-10-07 20:19:21,068 Segment start=32.350: 那麼這個故事就是說五松它去打老虎
2025-10-07 20:19:21,069 Segment start=38.730: 五松呢是這個水虎鑽水虎鑽當中的人物
2025-10-07 20:19:21,069 Segment start=42.610: 他是這個水虎鑽水虎鑽當中108將之一
2025-10-07 20:19:21,069 Segment start=47.190: 去那个什么岗啊老虎岗
2025-10-07 20:19:21,069 Segment start=49.820: 他要过一个山头
2025-10-07 20:19:21,069 Segment start=50.830: 他要过一个山头
2025-10-07 20:19:21,069 Segment start=51.820: 他过一个山头
2025-10-07 20:19:21,069 Segment start=53.820: 然后天色已晚了
2025-10-07 20:19:21,069 Segment start=55.820: 他在喝酒的时候
2025-10-07 20:19:21,069 Segment start=57.820: 那时候吃饭的时候那个酒店的那个老板就告诉他说
2025-10-07 20:19:21,069 Segment start=62.030: 呃,什么呢,这个山头里面有老虎,你晚上还是不要,你不要去那个过这个山头了,有老虎
2025-10-07 20:19:21,069 Segment start=65.320: 什么呢
2025-10-07 20:19:21,069 Segment start=76.950: 呃,那么,因为就已经可能
2025-10-07 20:19:21,069 Segment start=9.408: 那么这个故事就是说,五松他去打老虎
2025-10-07 20:19:21,069 Full transcript: 12345上山打老虎,老虎打不到,打到小松鼠那麼這個故事就是說五松它去打老虎五松呢是這個水虎鑽水虎鑽當中的人物他是這個水虎鑽水虎鑽當中108將之一去那个什么岗啊老虎岗他要过一个山头他要过一个山头他过一个山头然后天色已晚了他在喝酒的时候那时候吃饭的时候那个酒店的那个老板就告诉他说呃,什么呢,这个山头里面有老虎,你晚上还是不要,你不要去那个过这个山头了,有老虎什么呢呃,那么,因为就已经可能那么这个故事就是说,五松他去打老虎
2025-10-07 20:19:34,614 --- Segment Update ---
2025-10-07 20:19:34,614 Segment start=100.380: 所以呢就是是一很危险的事情
2025-10-07 20:19:34,614 Segment start=103.380: 然后呢但是这个武松呢他是一个良善好汉他
2025-10-07 20:19:34,614 Segment start=2.048: 12345上山打老虎,老虎打不到,打到小松鼠
2025-10-07 20:19:34,614 Segment start=32.350: 那麼這個故事就是說五松它去打老虎
2025-10-07 20:19:34,614 Segment start=38.730: 五松呢是這個水虎鑽水虎鑽當中的人物
2025-10-07 20:19:34,614 Segment start=42.610: 他是這個水虎鑽水虎鑽當中108將之一
2025-10-07 20:19:34,614 Segment start=47.190: 去那个什么岗啊老虎岗
2025-10-07 20:19:34,614 Segment start=49.820: 他要过一个山头
2025-10-07 20:19:34,614 Segment start=50.830: 他要过一个山头
2025-10-07 20:19:34,614 Segment start=51.820: 他过一个山头
2025-10-07 20:19:34,614 Segment start=53.820: 然后天色已晚了
2025-10-07 20:19:34,615 Segment start=55.820: 他在喝酒的时候
2025-10-07 20:19:34,615 Segment start=57.820: 那时候吃饭的时候那个酒店的那个老板就告诉他说
2025-10-07 20:19:34,615 Segment start=62.030: 呃,什么呢,这个山头里面有老虎,你晚上还是不要,你不要去那个过这个山头了,有老虎
2025-10-07 20:19:34,615 Segment start=65.320: 什么呢
2025-10-07 20:19:34,615 Segment start=76.950: 呃,那么,因为就已经可能
2025-10-07 20:19:34,615 Segment start=9.408: 那么这个故事就是说,五松他去打老虎
2025-10-07 20:19:34,615 Segment start=92.380: 呃那么因为就已经可能前面就发生过很多就是老虎伤人的事件了吧
2025-10-07 20:19:34,615 Full transcript: 所以呢就是是一很危险的事情然后呢但是这个武松呢他是一个良善好汉他12345上山打老虎,老虎打不到,打到小松鼠那麼這個故事就是說五松它去打老虎五松呢是這個水虎鑽水虎鑽當中的人物他是這個水虎鑽水虎鑽當中108將之一去那个什么岗啊老虎岗他要过一个山头他要过一个山头他过一个山头然后天色已晚了他在喝酒的时候那时候吃饭的时候那个酒店的那个老板就告诉他说呃,什么呢,这个山头里面有老虎,你晚上还是不要,你不要去那个过这个山头了,有老虎什么呢呃,那么,因为就已经可能那么这个故事就是说,五松他去打老虎呃那么因为就已经可能前面就发生过很多就是老虎伤人的事件了吧
2025-10-07 20:19:38,336 --- Segment Update ---
2025-10-07 20:19:38,337 Segment start=100.380: 所以呢就是是一很危险的事情
2025-10-07 20:19:38,337 Segment start=103.380: 然后呢但是这个武松呢他是一个良善好汉他
2025-10-07 20:19:38,337 Segment start=104.320: 喝了十八碗酒还没好了
2025-10-07 20:19:38,337 Segment start=2.048: 12345上山打老虎,老虎打不到,打到小松鼠
2025-10-07 20:19:38,337 Segment start=32.350: 那麼這個故事就是說五松它去打老虎
2025-10-07 20:19:38,337 Segment start=38.730: 五松呢是這個水虎鑽水虎鑽當中的人物
2025-10-07 20:19:38,337 Segment start=42.610: 他是這個水虎鑽水虎鑽當中108將之一
2025-10-07 20:19:38,337 Segment start=47.190: 去那个什么岗啊老虎岗
2025-10-07 20:19:38,337 Segment start=49.820: 他要过一个山头
2025-10-07 20:19:38,337 Segment start=50.830: 他要过一个山头
2025-10-07 20:19:38,337 Segment start=51.820: 他过一个山头
2025-10-07 20:19:38,337 Segment start=53.820: 然后天色已晚了
2025-10-07 20:19:38,337 Segment start=55.820: 他在喝酒的时候
2025-10-07 20:19:38,337 Segment start=57.820: 那时候吃饭的时候那个酒店的那个老板就告诉他说
2025-10-07 20:19:38,337 Segment start=62.030: 呃,什么呢,这个山头里面有老虎,你晚上还是不要,你不要去那个过这个山头了,有老虎
2025-10-07 20:19:38,337 Segment start=65.320: 什么呢
2025-10-07 20:19:38,337 Segment start=76.950: 呃,那么,因为就已经可能
2025-10-07 20:19:38,337 Segment start=9.408: 那么这个故事就是说,五松他去打老虎
2025-10-07 20:19:38,337 Segment start=92.380: 呃那么因为就已经可能前面就发生过很多就是老虎伤人的事件了吧
2025-10-07 20:19:38,337 Full transcript: 所以呢就是是一很危险的事情然后呢但是这个武松呢他是一个良善好汉他喝了十八碗酒还没好了12345上山打老虎,老虎打不到,打到小松鼠那麼這個故事就是說五松它去打老虎五松呢是這個水虎鑽水虎鑽當中的人物他是這個水虎鑽水虎鑽當中108將之一去那个什么岗啊老虎岗他要过一个山头他要过一个山头他过一个山头然后天色已晚了他在喝酒的时候那时候吃饭的时候那个酒店的那个老板就告诉他说呃,什么呢,这个山头里面有老虎,你晚上还是不要,你不要去那个过这个山头了,有老虎什么呢呃,那么,因为就已经可能那么这个故事就是说,五松他去打老虎呃那么因为就已经可能前面就发生过很多就是老虎伤人的事件了吧
2025-10-07 20:19:44,395 --- Segment Update ---
2025-10-07 20:19:44,395 Segment start=100.380: 所以呢就是是一很危险的事情
2025-10-07 20:19:44,395 Segment start=103.380: 然后呢但是这个武松呢他是一个良善好汉他
2025-10-07 20:19:44,395 Segment start=104.320: 喝了十八碗酒还没好呢
2025-10-07 20:19:44,395 Segment start=107.200: 呃
2025-10-07 20:19:44,395 Segment start=109.480: 喝了十八碗酒
2025-10-07 20:19:44,395 Segment start=2.048: 12345上山打老虎,老虎打不到,打到小松鼠
2025-10-07 20:19:44,395 Segment start=32.350: 那麼這個故事就是說五松它去打老虎
2025-10-07 20:19:44,395 Segment start=38.730: 五松呢是這個水虎鑽水虎鑽當中的人物
2025-10-07 20:19:44,395 Segment start=42.610: 他是這個水虎鑽水虎鑽當中108將之一
2025-10-07 20:19:44,396 Segment start=47.190: 去那个什么岗啊老虎岗
2025-10-07 20:19:44,396 Segment start=49.820: 他要过一个山头
2025-10-07 20:19:44,396 Segment start=50.830: 他要过一个山头
2025-10-07 20:19:44,396 Segment start=51.820: 他过一个山头
2025-10-07 20:19:44,396 Segment start=53.820: 然后天色已晚了
2025-10-07 20:19:44,396 Segment start=55.820: 他在喝酒的时候
2025-10-07 20:19:44,396 Segment start=57.820: 那时候吃饭的时候那个酒店的那个老板就告诉他说
2025-10-07 20:19:44,396 Segment start=62.030: 呃,什么呢,这个山头里面有老虎,你晚上还是不要,你不要去那个过这个山头了,有老虎
2025-10-07 20:19:44,396 Segment start=65.320: 什么呢
2025-10-07 20:19:44,396 Segment start=76.950: 呃,那么,因为就已经可能
2025-10-07 20:19:44,396 Segment start=9.408: 那么这个故事就是说,五松他去打老虎
2025-10-07 20:19:44,396 Segment start=92.380: 呃那么因为就已经可能前面就发生过很多就是老虎伤人的事件了吧
2025-10-07 20:19:44,396 Full transcript: 所以呢就是是一很危险的事情然后呢但是这个武松呢他是一个良善好汉他喝了十八碗酒还没好呢呃喝了十八碗酒12345上山打老虎,老虎打不到,打到小松鼠那麼這個故事就是說五松它去打老虎五松呢是這個水虎鑽水虎鑽當中的人物他是這個水虎鑽水虎鑽當中108將之一去那个什么岗啊老虎岗他要过一个山头他要过一个山头他过一个山头然后天色已晚了他在喝酒的时候那时候吃饭的时候那个酒店的那个老板就告诉他说呃,什么呢,这个山头里面有老虎,你晚上还是不要,你不要去那个过这个山头了,有老虎什么呢呃,那么,因为就已经可能那么这个故事就是说,五松他去打老虎呃那么因为就已经可能前面就发生过很多就是老虎伤人的事件了吧
2025-10-07 20:19:51,031 --- Segment Update ---
2025-10-07 20:19:51,031 Segment start=100.380: 所以呢就是是一很危险的事情
2025-10-07 20:19:51,031 Segment start=103.380: 然后呢但是这个武松呢他是一个良善好汉他
2025-10-07 20:19:51,031 Segment start=104.320: 喝了十八碗酒还没好呢
2025-10-07 20:19:51,031 Segment start=107.200: 呃
2025-10-07 20:19:51,031 Segment start=109.400: 喝了十八碗酒之后呢他就
2025-10-07 20:19:51,031 Segment start=109.480: 喝了十八碗酒
2025-10-07 20:19:51,031 Segment start=2.048: 12345上山打老虎,老虎打不到,打到小松鼠
2025-10-07 20:19:51,031 Segment start=32.350: 那麼這個故事就是說五松它去打老虎
2025-10-07 20:19:51,031 Segment start=38.730: 五松呢是這個水虎鑽水虎鑽當中的人物
2025-10-07 20:19:51,031 Segment start=42.610: 他是這個水虎鑽水虎鑽當中108將之一
2025-10-07 20:19:51,031 Segment start=47.190: 去那个什么岗啊老虎岗
2025-10-07 20:19:51,031 Segment start=49.820: 他要过一个山头
2025-10-07 20:19:51,031 Segment start=50.830: 他要过一个山头
2025-10-07 20:19:51,031 Segment start=51.820: 他过一个山头
2025-10-07 20:19:51,031 Segment start=53.820: 然后天色已晚了
2025-10-07 20:19:51,031 Segment start=55.820: 他在喝酒的时候
2025-10-07 20:19:51,031 Segment start=57.820: 那时候吃饭的时候那个酒店的那个老板就告诉他说
2025-10-07 20:19:51,032 Segment start=62.030: 呃,什么呢,这个山头里面有老虎,你晚上还是不要,你不要去那个过这个山头了,有老虎
2025-10-07 20:19:51,032 Segment start=65.320: 什么呢
2025-10-07 20:19:51,032 Segment start=76.950: 呃,那么,因为就已经可能
2025-10-07 20:19:51,032 Segment start=9.408: 那么这个故事就是说,五松他去打老虎
2025-10-07 20:19:51,032 Segment start=92.380: 呃那么因为就已经可能前面就发生过很多就是老虎伤人的事件了吧
2025-10-07 20:19:51,032 Full transcript: 所以呢就是是一很危险的事情然后呢但是这个武松呢他是一个良善好汉他喝了十八碗酒还没好呢呃喝了十八碗酒之后呢他就喝了十八碗酒12345上山打老虎,老虎打不到,打到小松鼠那麼這個故事就是說五松它去打老虎五松呢是這個水虎鑽水虎鑽當中的人物他是這個水虎鑽水虎鑽當中108將之一去那个什么岗啊老虎岗他要过一个山头他要过一个山头他过一个山头然后天色已晚了他在喝酒的时候那时候吃饭的时候那个酒店的那个老板就告诉他说呃,什么呢,这个山头里面有老虎,你晚上还是不要,你不要去那个过这个山头了,有老虎什么呢呃,那么,因为就已经可能那么这个故事就是说,五松他去打老虎呃那么因为就已经可能前面就发生过很多就是老虎伤人的事件了吧
2025-10-07 20:20:01,571 --- Segment Update ---
2025-10-07 20:20:01,571 Segment start=100.380: 所以呢就是是一很危险的事情
2025-10-07 20:20:01,571 Segment start=103.380: 然后呢但是这个武松呢他是一个良善好汉他
2025-10-07 20:20:01,571 Segment start=104.320: 喝了十八碗酒还没好呢
2025-10-07 20:20:01,571 Segment start=107.200: 呃
2025-10-07 20:20:01,571 Segment start=109.400: 喝了十八碗酒之后呢他就
2025-10-07 20:20:01,571 Segment start=109.480: 喝了十八碗酒
2025-10-07 20:20:01,572 Segment start=2.048: 12345上山打老虎,老虎打不到,打到小松鼠
2025-10-07 20:20:01,572 Segment start=32.350: 那麼這個故事就是說五松它去打老虎
2025-10-07 20:20:01,572 Segment start=38.730: 五松呢是這個水虎鑽水虎鑽當中的人物
2025-10-07 20:20:01,572 Segment start=42.610: 他是這個水虎鑽水虎鑽當中108將之一
2025-10-07 20:20:01,572 Segment start=47.190: 去那个什么岗啊老虎岗
2025-10-07 20:20:01,572 Segment start=49.820: 他要过一个山头
2025-10-07 20:20:01,572 Segment start=50.830: 他要过一个山头
2025-10-07 20:20:01,572 Segment start=51.820: 他过一个山头
2025-10-07 20:20:01,572 Segment start=53.820: 然后天色已晚了
2025-10-07 20:20:01,572 Segment start=55.820: 他在喝酒的时候
2025-10-07 20:20:01,572 Segment start=57.820: 那时候吃饭的时候那个酒店的那个老板就告诉他说
2025-10-07 20:20:01,572 Segment start=62.030: 呃,什么呢,这个山头里面有老虎,你晚上还是不要,你不要去那个过这个山头了,有老虎
2025-10-07 20:20:01,572 Segment start=65.320: 什么呢
2025-10-07 20:20:01,572 Segment start=76.950: 呃,那么,因为就已经可能
2025-10-07 20:20:01,572 Segment start=9.408: 那么这个故事就是说,五松他去打老虎
2025-10-07 20:20:01,572 Segment start=92.380: 呃那么因为就已经可能前面就发生过很多就是老虎伤人的事件了吧
2025-10-07 20:20:01,572 Full transcript: 所以呢就是是一很危险的事情然后呢但是这个武松呢他是一个良善好汉他喝了十八碗酒还没好呢呃喝了十八碗酒之后呢他就喝了十八碗酒12345上山打老虎,老虎打不到,打到小松鼠那麼這個故事就是說五松它去打老虎五松呢是這個水虎鑽水虎鑽當中的人物他是這個水虎鑽水虎鑽當中108將之一去那个什么岗啊老虎岗他要过一个山头他要过一个山头他过一个山头然后天色已晚了他在喝酒的时候那时候吃饭的时候那个酒店的那个老板就告诉他说呃,什么呢,这个山头里面有老虎,你晚上还是不要,你不要去那个过这个山头了,有老虎什么呢呃,那么,因为就已经可能那么这个故事就是说,五松他去打老虎呃那么因为就已经可能前面就发生过很多就是老虎伤人的事件了吧
2025-10-07 20:20:16,831 --- Segment Update ---
2025-10-07 20:20:16,832 Segment start=100.380: 所以呢就是是一很危险的事情
2025-10-07 20:20:16,832 Segment start=103.380: 然后呢但是这个武松呢他是一个良善好汉他
2025-10-07 20:20:16,832 Segment start=104.320: 喝了十八碗酒还没好呢
2025-10-07 20:20:16,832 Segment start=107.200: 呃
2025-10-07 20:20:16,832 Segment start=109.400: 喝了十八碗酒之后呢他就
2025-10-07 20:20:16,832 Segment start=109.480: 喝了十八碗酒
2025-10-07 20:20:16,832 Segment start=121.200: 喝了18瓦酒之后呢,他就
2025-10-07 20:20:16,832 Segment start=139.170: 诶,我发现就有的Segment跑到前面去了
2025-10-07 20:20:16,832 Segment start=2.048: 12345上山打老虎,老虎打不到,打到小松鼠
2025-10-07 20:20:16,832 Segment start=32.350: 那麼這個故事就是說五松它去打老虎
2025-10-07 20:20:16,832 Segment start=38.730: 五松呢是這個水虎鑽水虎鑽當中的人物
2025-10-07 20:20:16,832 Segment start=42.610: 他是這個水虎鑽水虎鑽當中108將之一
2025-10-07 20:20:16,832 Segment start=47.190: 去那个什么岗啊老虎岗
2025-10-07 20:20:16,832 Segment start=49.820: 他要过一个山头
2025-10-07 20:20:16,832 Segment start=50.830: 他要过一个山头
2025-10-07 20:20:16,832 Segment start=51.820: 他过一个山头
2025-10-07 20:20:16,832 Segment start=53.820: 然后天色已晚了
2025-10-07 20:20:16,832 Segment start=55.820: 他在喝酒的时候
2025-10-07 20:20:16,832 Segment start=57.820: 那时候吃饭的时候那个酒店的那个老板就告诉他说
2025-10-07 20:20:16,833 Segment start=62.030: 呃,什么呢,这个山头里面有老虎,你晚上还是不要,你不要去那个过这个山头了,有老虎
2025-10-07 20:20:16,833 Segment start=65.320: 什么呢
2025-10-07 20:20:16,833 Segment start=76.950: 呃,那么,因为就已经可能
2025-10-07 20:20:16,833 Segment start=9.408: 那么这个故事就是说,五松他去打老虎
2025-10-07 20:20:16,833 Segment start=92.380: 呃那么因为就已经可能前面就发生过很多就是老虎伤人的事件了吧
2025-10-07 20:20:16,833 Full transcript: 所以呢就是是一很危险的事情然后呢但是这个武松呢他是一个良善好汉他喝了十八碗酒还没好呢呃喝了十八碗酒之后呢他就喝了十八碗酒喝了18瓦酒之后呢,他就诶,我发现就有的Segment跑到前面去了12345上山打老虎,老虎打不到,打到小松鼠那麼這個故事就是說五松它去打老虎五松呢是這個水虎鑽水虎鑽當中的人物他是這個水虎鑽水虎鑽當中108將之一去那个什么岗啊老虎岗他要过一个山头他要过一个山头他过一个山头然后天色已晚了他在喝酒的时候那时候吃饭的时候那个酒店的那个老板就告诉他说呃,什么呢,这个山头里面有老虎,你晚上还是不要,你不要去那个过这个山头了,有老虎什么呢呃,那么,因为就已经可能那么这个故事就是说,五松他去打老虎呃那么因为就已经可能前面就发生过很多就是老虎伤人的事件了吧
2025-10-07 20:20:31,597 --- Segment Update ---
2025-10-07 20:20:31,598 Segment start=100.380: 所以呢就是是一很危险的事情
2025-10-07 20:20:31,598 Segment start=103.380: 然后呢但是这个武松呢他是一个良善好汉他
2025-10-07 20:20:31,598 Segment start=104.320: 喝了十八碗酒还没好呢
2025-10-07 20:20:31,598 Segment start=107.200: 呃
2025-10-07 20:20:31,598 Segment start=109.400: 喝了十八碗酒之后呢他就
2025-10-07 20:20:31,598 Segment start=109.480: 喝了十八碗酒
2025-10-07 20:20:31,598 Segment start=121.200: 喝了18瓦酒之后呢,他就
2025-10-07 20:20:31,598 Segment start=127.280: 诶我发现这有的Segment跑到前边去了
2025-10-07 20:20:31,598 Segment start=139.170: 诶,我发现就有的Segment跑到前面去了
2025-10-07 20:20:31,598 Segment start=2.048: 12345上山打老虎,老虎打不到,打到小松鼠
2025-10-07 20:20:31,598 Segment start=32.350: 那麼這個故事就是說五松它去打老虎
2025-10-07 20:20:31,598 Segment start=38.730: 五松呢是這個水虎鑽水虎鑽當中的人物
2025-10-07 20:20:31,598 Segment start=42.610: 他是這個水虎鑽水虎鑽當中108將之一
2025-10-07 20:20:31,598 Segment start=47.190: 去那个什么岗啊老虎岗
2025-10-07 20:20:31,598 Segment start=49.820: 他要过一个山头
2025-10-07 20:20:31,598 Segment start=50.830: 他要过一个山头
2025-10-07 20:20:31,598 Segment start=51.820: 他过一个山头
2025-10-07 20:20:31,598 Segment start=53.820: 然后天色已晚了
2025-10-07 20:20:31,598 Segment start=55.820: 他在喝酒的时候
2025-10-07 20:20:31,598 Segment start=57.820: 那时候吃饭的时候那个酒店的那个老板就告诉他说
2025-10-07 20:20:31,599 Segment start=62.030: 呃,什么呢,这个山头里面有老虎,你晚上还是不要,你不要去那个过这个山头了,有老虎
2025-10-07 20:20:31,599 Segment start=65.320: 什么呢
2025-10-07 20:20:31,599 Segment start=76.950: 呃,那么,因为就已经可能
2025-10-07 20:20:31,599 Segment start=9.408: 那么这个故事就是说,五松他去打老虎
2025-10-07 20:20:31,599 Segment start=92.380: 呃那么因为就已经可能前面就发生过很多就是老虎伤人的事件了吧
2025-10-07 20:20:31,599 Full transcript: 所以呢就是是一很危险的事情然后呢但是这个武松呢他是一个良善好汉他喝了十八碗酒还没好呢呃喝了十八碗酒之后呢他就喝了十八碗酒喝了18瓦酒之后呢,他就诶我发现这有的Segment跑到前边去了诶,我发现就有的Segment跑到前面去了12345上山打老虎,老虎打不到,打到小松鼠那麼這個故事就是說五松它去打老虎五松呢是這個水虎鑽水虎鑽當中的人物他是這個水虎鑽水虎鑽當中108將之一去那个什么岗啊老虎岗他要过一个山头他要过一个山头他过一个山头然后天色已晚了他在喝酒的时候那时候吃饭的时候那个酒店的那个老板就告诉他说呃,什么呢,这个山头里面有老虎,你晚上还是不要,你不要去那个过这个山头了,有老虎什么呢呃,那么,因为就已经可能那么这个故事就是说,五松他去打老虎呃那么因为就已经可能前面就发生过很多就是老虎伤人的事件了吧
2025-10-07 20:20:55,257 --- Segment Update ---
2025-10-07 20:20:55,257 Segment start=100.380: 所以呢就是是一很危险的事情
2025-10-07 20:20:55,257 Segment start=103.380: 然后呢但是这个武松呢他是一个良善好汉他
2025-10-07 20:20:55,257 Segment start=104.320: 喝了十八碗酒还没好呢
2025-10-07 20:20:55,257 Segment start=107.200: 呃
2025-10-07 20:20:55,257 Segment start=109.400: 喝了十八碗酒之后呢他就
2025-10-07 20:20:55,257 Segment start=109.480: 喝了十八碗酒
2025-10-07 20:20:55,257 Segment start=121.200: 喝了18瓦酒之后呢,他就
2025-10-07 20:20:55,257 Segment start=127.280: 诶我发现这有的Segment跑到前边去了
2025-10-07 20:20:55,257 Segment start=139.170: 诶,我发现就有的Segment跑到前面去了
2025-10-07 20:20:55,257 Segment start=152.640: 诶我发现这有的Segment跑到前边去了
2025-10-07 20:20:55,257 Segment start=2.048: 12345上山打老虎,老虎打不到,打到小松鼠
2025-10-07 20:20:55,257 Segment start=32.350: 那麼這個故事就是說五松它去打老虎
2025-10-07 20:20:55,257 Segment start=38.730: 五松呢是這個水虎鑽水虎鑽當中的人物
2025-10-07 20:20:55,257 Segment start=42.610: 他是這個水虎鑽水虎鑽當中108將之一
2025-10-07 20:20:55,258 Segment start=47.190: 去那个什么岗啊老虎岗
2025-10-07 20:20:55,258 Segment start=49.820: 他要过一个山头
2025-10-07 20:20:55,258 Segment start=50.830: 他要过一个山头
2025-10-07 20:20:55,258 Segment start=51.820: 他过一个山头
2025-10-07 20:20:55,258 Segment start=53.820: 然后天色已晚了
2025-10-07 20:20:55,258 Segment start=55.820: 他在喝酒的时候
2025-10-07 20:20:55,258 Segment start=57.820: 那时候吃饭的时候那个酒店的那个老板就告诉他说
2025-10-07 20:20:55,258 Segment start=62.030: 呃,什么呢,这个山头里面有老虎,你晚上还是不要,你不要去那个过这个山头了,有老虎
2025-10-07 20:20:55,258 Segment start=65.320: 什么呢
2025-10-07 20:20:55,258 Segment start=76.950: 呃,那么,因为就已经可能
2025-10-07 20:20:55,258 Segment start=9.408: 那么这个故事就是说,五松他去打老虎
2025-10-07 20:20:55,258 Segment start=92.380: 呃那么因为就已经可能前面就发生过很多就是老虎伤人的事件了吧
2025-10-07 20:20:55,258 Full transcript: 所以呢就是是一很危险的事情然后呢但是这个武松呢他是一个良善好汉他喝了十八碗酒还没好呢呃喝了十八碗酒之后呢他就喝了十八碗酒喝了18瓦酒之后呢,他就诶我发现这有的Segment跑到前边去了诶,我发现就有的Segment跑到前面去了诶我发现这有的Segment跑到前边去了12345上山打老虎,老虎打不到,打到小松鼠那麼這個故事就是說五松它去打老虎五松呢是這個水虎鑽水虎鑽當中的人物他是這個水虎鑽水虎鑽當中108將之一去那个什么岗啊老虎岗他要过一个山头他要过一个山头他过一个山头然后天色已晚了他在喝酒的时候那时候吃饭的时候那个酒店的那个老板就告诉他说呃,什么呢,这个山头里面有老虎,你晚上还是不要,你不要去那个过这个山头了,有老虎什么呢呃,那么,因为就已经可能那么这个故事就是说,五松他去打老虎呃那么因为就已经可能前面就发生过很多就是老虎伤人的事件了吧
